0 info it worked if it ends with ok
1 verbose cli [ 'D:\\programmation\\nodeJs\\node.exe',
1 verbose cli   'D:\\programmation\\nodeJs\\node_modules\\npm\\bin\\npm-cli.js',
1 verbose cli   'run',
1 verbose cli   'start' ]
2 info using npm@2.14.7
3 info using node@v4.2.1
4 verbose run-script [ 'prestart', 'start', 'poststart' ]
5 info prestart discord-bot-test@
6 info start discord-bot-test@
7 verbose unsafe-perm in lifecycle true
8 info discord-bot-test@ Failed to exec start script
9 verbose stack Error: discord-bot-test@ start: `node bot.js`
9 verbose stack Exit status 1
9 verbose stack     at EventEmitter.<anonymous> (D:\programmation\nodeJs\node_modules\npm\lib\utils\lifecycle.js:214:16)
9 verbose stack     at emitTwo (events.js:87:13)
9 verbose stack     at EventEmitter.emit (events.js:172:7)
9 verbose stack     at ChildProcess.<anonymous> (D:\programmation\nodeJs\node_modules\npm\lib\utils\spawn.js:24:14)
9 verbose stack     at emitTwo (events.js:87:13)
9 verbose stack     at ChildProcess.emit (events.js:172:7)
9 verbose stack     at maybeClose (internal/child_process.js:818:16)
9 verbose stack     at Process.ChildProcess._handle.onexit (internal/child_process.js:211:5)
10 verbose pkgid discord-bot-test@
11 verbose cwd D:\programmation\Discord\Bot
12 error Windows_NT 6.3.9600
13 error argv "D:\\programmation\\nodeJs\\node.exe" "D:\\programmation\\nodeJs\\node_modules\\npm\\bin\\npm-cli.js" "run" "start"
14 error node v4.2.1
15 error npm  v2.14.7
16 error code ELIFECYCLE
17 error discord-bot-test@ start: `node bot.js`
17 error Exit status 1
18 error Failed at the discord-bot-test@ start script 'node bot.js'.
18 error This is most likely a problem with the discord-bot-test package,
18 error not with npm itself.
18 error Tell the author that this fails on your system:
18 error     node bot.js
18 error You can get their info via:
18 error     npm owner ls discord-bot-test
18 error There is likely additional logging output above.
19 verbose exit [ 1, true ]
